<?xml version="1.0" encoding="utf-8"?><testsuites name="pytest tests"><testsuite name="pytest" errors="0" failures="0" skipped="0" tests="26" time="4.052" timestamp="2026-01-16T17:23:04.721804+00:00" hostname="agent-env-bb465a62-94e1-400c-9b48-ecf7ba621cab"><testcase classname="tests.test_iteration4_bugs.TestLogoutEndpoint" name="test_logout_returns_200_not_404" time="0.087" /><testcase classname="tests.test_iteration4_bugs.TestLogoutEndpoint" name="test_logout_response_is_valid_json" time="0.010" /><testcase classname="tests.test_iteration4_bugs.TestBrandVisibility" name="test_new_brand_with_instagram_appears_in_marketplace" time="0.543" /><testcase classname="tests.test_iteration4_bugs.TestCreatorVisibility" name="test_new_creator_with_instagram_appears_in_marketplace" time="0.580" /><testcase classname="tests.test_iteration4_bugs.TestPastCollaborations" name="test_brand_profile_shows_past_collabs_after_unlock" time="0.402" /><testcase classname="tests.test_iteration4_bugs.TestAuthPersistence" name="test_auth_persists_across_multiple_marketplace_requests" time="0.090" /><testcase classname="tests.test_iteration4_bugs.TestAuthPersistence" name="test_auth_me_returns_user_data_consistently" time="0.125" /><testcase classname="tests.test_iteration4_bugs.TestErrorHandling" name="test_invalid_login_returns_string_error" time="0.008" /><testcase classname="tests.test_iteration4_bugs.TestErrorHandling" name="test_unauthorized_request_returns_string_error" time="0.047" /><testcase classname="tests.test_iteration4_bugs.TestErrorHandling" name="test_not_found_returns_string_error" time="0.008" /><testcase classname="tests.test_iteration4_bugs.TestUnlockFlowBothWays" name="test_brand_can_unlock_creator" time="0.060" /><testcase classname="tests.test_iteration4_bugs.TestUnlockFlowBothWays" name="test_creator_can_unlock_brand" time="0.070" /><testcase classname="tests.test_iteration4_bugs.TestUnlockFlowBothWays" name="test_brand_can_view_unlocked_creator_profile" time="0.066" /><testcase classname="tests.test_iteration4_bugs.TestUnlockFlowBothWays" name="test_creator_can_view_unlocked_brand_profile" time="0.021" /><testcase classname="tests.test_bug_fixes.TestSessionPersistence" name="test_brand_session_persists_after_login" time="0.311" /><testcase classname="tests.test_bug_fixes.TestSessionPersistence" name="test_creator_session_persists_after_login" time="0.351" /><testcase classname="tests.test_bug_fixes.TestSessionPersistence" name="test_auth_me_returns_correct_user_data" time="0.025" /><testcase classname="tests.test_bug_fixes.TestAsymmetricMarketplace" name="test_creator_can_discover_brands" time="0.015" /><testcase classname="tests.test_bug_fixes.TestAsymmetricMarketplace" name="test_creator_can_add_demo_credits" time="0.052" /><testcase classname="tests.test_bug_fixes.TestAsymmetricMarketplace" name="test_creator_can_unlock_brand" time="0.035" /><testcase classname="tests.test_bug_fixes.TestAsymmetricMarketplace" name="test_creator_can_view_unlocked_brand" time="0.018" /><testcase classname="tests.test_bug_fixes.TestBrandUnlockCreator" name="test_brand_can_unlock_creator_with_credits" time="0.109" /><testcase classname="tests.test_bug_fixes.TestBrandUnlockCreator" name="test_brand_can_view_unlocked_creator" time="0.022" /><testcase classname="tests.test_bug_fixes.TestCreditsDecrement" name="test_credits_decrement_after_unlock" time="0.360" /><testcase classname="tests.test_bug_fixes.TestNewProfileVisibility" name="test_new_creator_appears_in_marketplace_after_onboarding" time="0.262" /><testcase classname="tests.test_bug_fixes.TestNewProfileVisibility" name="test_new_brand_appears_in_marketplace_after_onboarding" time="0.306" /></testsuite></testsuites>