<?xml version="1.0" encoding="utf-8"?><testsuites name="pytest tests"><testsuite name="pytest" errors="0" failures="0" skipped="0" tests="35" time="5.587" timestamp="2026-01-16T16:29:51.444547+00:00" hostname="agent-env-bb465a62-94e1-400c-9b48-ecf7ba621cab"><testcase classname="tests.test_bug_fixes.TestSessionPersistence" name="test_brand_session_persists_after_login" time="1.088" /><testcase classname="tests.test_bug_fixes.TestSessionPersistence" name="test_creator_session_persists_after_login" time="0.258" /><testcase classname="tests.test_bug_fixes.TestSessionPersistence" name="test_auth_me_returns_correct_user_data" time="0.055" /><testcase classname="tests.test_bug_fixes.TestAsymmetricMarketplace" name="test_creator_can_discover_brands" time="0.011" /><testcase classname="tests.test_bug_fixes.TestAsymmetricMarketplace" name="test_creator_can_add_demo_credits" time="0.010" /><testcase classname="tests.test_bug_fixes.TestAsymmetricMarketplace" name="test_creator_can_unlock_brand" time="0.069" /><testcase classname="tests.test_bug_fixes.TestAsymmetricMarketplace" name="test_creator_can_view_unlocked_brand" time="0.063" /><testcase classname="tests.test_bug_fixes.TestBrandUnlockCreator" name="test_brand_can_unlock_creator_with_credits" time="0.030" /><testcase classname="tests.test_bug_fixes.TestBrandUnlockCreator" name="test_brand_can_view_unlocked_creator" time="0.061" /><testcase classname="tests.test_bug_fixes.TestCreditsDecrement" name="test_credits_decrement_after_unlock" time="0.319" /><testcase classname="tests.test_bug_fixes.TestNewProfileVisibility" name="test_new_creator_appears_in_marketplace_after_onboarding" time="0.346" /><testcase classname="tests.test_bug_fixes.TestNewProfileVisibility" name="test_new_brand_appears_in_marketplace_after_onboarding" time="0.346" /><testcase classname="tests.test_orange_marketplace.TestHealthAndRoot" name="test_health_endpoint" time="0.034" /><testcase classname="tests.test_orange_marketplace.TestHealthAndRoot" name="test_root_endpoint" time="0.010" /><testcase classname="tests.test_orange_marketplace.TestAuthentication" name="test_brand_login_success" time="0.272" /><testcase classname="tests.test_orange_marketplace.TestAuthentication" name="test_creator_login_success" time="0.233" /><testcase classname="tests.test_orange_marketplace.TestAuthentication" name="test_admin_login_success" time="0.236" /><testcase classname="tests.test_orange_marketplace.TestAuthentication" name="test_login_invalid_credentials" time="0.237" /><testcase classname="tests.test_orange_marketplace.TestAuthentication" name="test_get_me_authenticated" time="0.245" /><testcase classname="tests.test_orange_marketplace.TestAuthentication" name="test_get_me_unauthenticated" time="0.009" /><testcase classname="tests.test_orange_marketplace.TestCreditsAPI" name="test_get_credits_brand" time="0.052" /><testcase classname="tests.test_orange_marketplace.TestCreditsAPI" name="test_add_demo_credits" time="0.069" /><testcase classname="tests.test_orange_marketplace.TestMarketplace" name="test_discover_creators_as_brand" time="0.013" /><testcase classname="tests.test_orange_marketplace.TestMarketplace" name="test_discover_creators_with_niche_filter" time="0.058" /><testcase classname="tests.test_orange_marketplace.TestMarketplace" name="test_discover_creators_with_barter_filter" time="0.016" /><testcase classname="tests.test_orange_marketplace.TestMarketplace" name="test_discover_brands_as_creator" time="0.248" /><testcase classname="tests.test_orange_marketplace.TestUnlockFlow" name="test_unlock_creator_profile" time="0.080" /><testcase classname="tests.test_orange_marketplace.TestUnlockFlow" name="test_view_unlocked_creator_profile" time="0.065" /><testcase classname="tests.test_orange_marketplace.TestUnlockFlow" name="test_view_locked_creator_returns_403" time="0.259" /><testcase classname="tests.test_orange_marketplace.TestCreatorProfile" name="test_get_creator_profile" time="0.051" /><testcase classname="tests.test_orange_marketplace.TestBusinessProfile" name="test_get_business_profile" time="0.010" /><testcase classname="tests.test_orange_marketplace.TestInstagramVerification" name="test_instagram_verify_simulated" time="0.011" /><testcase classname="tests.test_orange_marketplace.TestPaymentsAPI" name="test_create_unlock_order" time="0.315" /><testcase classname="tests.test_orange_marketplace.TestAdminAPI" name="test_admin_stats" time="0.329" /><testcase classname="tests.test_orange_marketplace.TestAdminAPI" name="test_admin_stats_requires_admin" time="0.010" /></testsuite></testsuites>