<?xml version="1.0" encoding="utf-8"?><testsuites name="pytest tests"><testsuite name="pytest" errors="0" failures="0" skipped="0" tests="23" time="3.501" timestamp="2026-01-16T15:45:33.475913+00:00" hostname="agent-env-bb465a62-94e1-400c-9b48-ecf7ba621cab"><testcase classname="tests.test_orange_marketplace.TestHealthAndRoot" name="test_health_endpoint" time="0.076" /><testcase classname="tests.test_orange_marketplace.TestHealthAndRoot" name="test_root_endpoint" time="0.011" /><testcase classname="tests.test_orange_marketplace.TestAuthentication" name="test_brand_login_success" time="0.236" /><testcase classname="tests.test_orange_marketplace.TestAuthentication" name="test_creator_login_success" time="0.240" /><testcase classname="tests.test_orange_marketplace.TestAuthentication" name="test_admin_login_success" time="0.275" /><testcase classname="tests.test_orange_marketplace.TestAuthentication" name="test_login_invalid_credentials" time="0.232" /><testcase classname="tests.test_orange_marketplace.TestAuthentication" name="test_get_me_authenticated" time="0.248" /><testcase classname="tests.test_orange_marketplace.TestAuthentication" name="test_get_me_unauthenticated" time="0.050" /><testcase classname="tests.test_orange_marketplace.TestCreditsAPI" name="test_get_credits_brand" time="0.010" /><testcase classname="tests.test_orange_marketplace.TestCreditsAPI" name="test_add_demo_credits" time="0.071" /><testcase classname="tests.test_orange_marketplace.TestMarketplace" name="test_discover_creators_as_brand" time="0.011" /><testcase classname="tests.test_orange_marketplace.TestMarketplace" name="test_discover_creators_with_niche_filter" time="0.011" /><testcase classname="tests.test_orange_marketplace.TestMarketplace" name="test_discover_creators_with_barter_filter" time="0.051" /><testcase classname="tests.test_orange_marketplace.TestMarketplace" name="test_discover_brands_as_creator" time="0.242" /><testcase classname="tests.test_orange_marketplace.TestUnlockFlow" name="test_unlock_creator_profile" time="0.071" /><testcase classname="tests.test_orange_marketplace.TestUnlockFlow" name="test_view_unlocked_creator_profile" time="0.065" /><testcase classname="tests.test_orange_marketplace.TestUnlockFlow" name="test_view_locked_creator_returns_403" time="0.297" /><testcase classname="tests.test_orange_marketplace.TestCreatorProfile" name="test_get_creator_profile" time="0.011" /><testcase classname="tests.test_orange_marketplace.TestBusinessProfile" name="test_get_business_profile" time="0.019" /><testcase classname="tests.test_orange_marketplace.TestInstagramVerification" name="test_instagram_verify_simulated" time="0.053" /><testcase classname="tests.test_orange_marketplace.TestPaymentsAPI" name="test_create_unlock_order" time="0.833" /><testcase classname="tests.test_orange_marketplace.TestAdminAPI" name="test_admin_stats" time="0.286" /><testcase classname="tests.test_orange_marketplace.TestAdminAPI" name="test_admin_stats_requires_admin" time="0.011" /></testsuite></testsuites>