<?xml version="1.0" encoding="utf-8"?><testsuites name="pytest tests"><testsuite name="pytest" errors="0" failures="0" skipped="0" tests="24" time="52.456" timestamp="2026-01-25T13:44:01.834519+00:00" hostname="agent-env-490293c3-a7ca-4dd2-b36e-e7fa91536c9b"><testcase classname="backend.tests.test_campaign_flow.TestSetup" name="test_seed_database" time="2.258" /><testcase classname="backend.tests.test_campaign_flow.TestSetup" name="test_health_check" time="0.040" /><testcase classname="backend.tests.test_campaign_flow.TestAuthentication" name="test_brand_login" time="0.269" /><testcase classname="backend.tests.test_campaign_flow.TestAuthentication" name="test_creator_login" time="0.267" /><testcase classname="backend.tests.test_campaign_flow.TestMarketplaceDiscovery" name="test_brand_discovers_creators" time="0.309" /><testcase classname="backend.tests.test_campaign_flow.TestMarketplaceDiscovery" name="test_creator_discovers_brands" time="0.302" /><testcase classname="backend.tests.test_campaign_flow.TestBrandToCreatorFlow" name="test_brand_sends_request_to_creator" time="0.609" /><testcase classname="backend.tests.test_campaign_flow.TestBrandToCreatorFlow" name="test_creator_receives_incoming_request" time="0.640" /><testcase classname="backend.tests.test_campaign_flow.TestBrandToCreatorFlow" name="test_creator_accepts_request" time="0.672" /><testcase classname="backend.tests.test_campaign_flow.TestBrandToCreatorFlow" name="test_brand_pays_after_acceptance" time="0.682" /><testcase classname="backend.tests.test_campaign_flow.TestBrandToCreatorFlow" name="test_creator_submits_link" time="0.758" /><testcase classname="backend.tests.test_campaign_flow.TestBrandToCreatorFlow" name="test_brand_verifies_link" time="0.846" /><testcase classname="backend.tests.test_campaign_flow.TestBrandToCreatorFlow" name="test_brand_completes_campaign" time="0.837" /><testcase classname="backend.tests.test_campaign_flow.TestBrandToCreatorFlow" name="test_both_parties_can_rate" time="0.996" /><testcase classname="backend.tests.test_campaign_flow.TestCreatorToBrandFlow" name="test_creator_sends_request_to_brand" time="0.601" /><testcase classname="backend.tests.test_campaign_flow.TestCreatorToBrandFlow" name="test_brand_receives_incoming_request_from_creator" time="0.659" /><testcase classname="backend.tests.test_campaign_flow.TestCreatorToBrandFlow" name="test_brand_accepts_creator_request" time="0.682" /><testcase classname="backend.tests.test_campaign_flow.TestCreatorToBrandFlow" name="test_creator_pays_after_brand_accepts" time="0.690" /><testcase classname="backend.tests.test_campaign_flow.TestCreatorToBrandFlow" name="test_full_creator_to_brand_flow" time="0.876" /><testcase classname="backend.tests.test_campaign_flow.TestBarterFlow" name="test_barter_product_flow" time="0.682" /><testcase classname="backend.tests.test_campaign_flow.TestRejectFlow" name="test_creator_rejects_brand_request" time="0.633" /><testcase classname="backend.tests.test_campaign_flow.TestRejectFlow" name="test_brand_rejects_creator_request" time="0.675" /><testcase classname="backend.tests.test_campaign_flow.TestOutgoingCampaigns" name="test_brand_sees_outgoing_campaigns" time="20.338" /><testcase classname="backend.tests.test_campaign_flow.TestOutgoingCampaigns" name="test_creator_sees_outgoing_campaigns" time="17.024" /></testsuite></testsuites>